<?xml version="1.0" encoding="UTF-8"?>
<!-- Generated by org.testng.reporters.JUnitReportReporter -->
<testsuite skipped="0" hostname="DESKTOP-N8E20KA" name="RestAssuredTest" tests="2" failures="0" timestamp="27 sep 2020 19:10:36 GMT" time="3.821" errors="0">
  <testcase name="GetWeatherDetails" time="3.456" classname="RestAssuredTest"/>
  <testcase name="GetWeatherDetailsBody" time="0.365" classname="RestAssuredTest"/>
</testsuite> <!-- RestAssuredTest -->
